<?xml version="1.0" encoding="UTF-8"?>
<!-- Generated by org.testng.reporters.JUnitReportReporter -->
<testsuite skipped="0" hostname="Siri-PC" name="com.salesforce.Login.SalesForceInvalidLogin" tests="1" failures="0" timestamp="2020-06-15T16:32:11 PDT" time="1.156" errors="0">
  <testcase name="checkLoginInvalidcredentials" time="1.156" classname="com.salesforce.Login.SalesForceInvalidLogin"/>
  <system-out/>
</testsuite> <!-- com.salesforce.Login.SalesForceInvalidLogin -->
