<?xml version="1.0" encoding="UTF-8"?>
<!-- Generated by org.testng.reporters.JUnitReportReporter -->
<testsuite skipped="0" hostname="Siri-PC" name="com.salesforce.forgotpasswordTest.forgotpassword" tests="1" failures="0" timestamp="2020-06-16T05:10:29 PDT" time="1.238" errors="0">
  <testcase name="forgotpassword" time="1.238" classname="com.salesforce.forgotpasswordTest.forgotpassword"/>
  <system-out/>
</testsuite> <!-- com.salesforce.forgotpasswordTest.forgotpassword -->
