<?xml version="1.0" encoding="UTF-8"?>
<!-- Generated by org.testng.reporters.JUnitReportReporter -->
<testsuite skipped="0" hostname="Siri-PC" name="com.salesforce.ClearPasswordTest.clearthepassword" tests="1" failures="0" timestamp="2020-06-16T05:10:29 PDT" time="1.299" errors="0">
  <testcase name="Clear_the_password" time="1.299" classname="com.salesforce.ClearPasswordTest.clearthepassword"/>
  <system-out/>
</testsuite> <!-- com.salesforce.ClearPasswordTest.clearthepassword -->
