<?xml version="1.0" encoding="UTF-8"?>
<!-- Generated by org.testng.reporters.JUnitReportReporter -->
<testsuite skipped="0" hostname="Siri-PC" name="com.salesforce.Login.SalesForceLogin" tests="1" failures="0" timestamp="2020-06-16T05:10:29 PDT" time="6.608" errors="0">
  <testcase name="checkLogin_success_or_not" time="6.608" classname="com.salesforce.Login.SalesForceLogin"/>
  <system-out/>
</testsuite> <!-- com.salesforce.Login.SalesForceLogin -->
